<?xml version="1.0" encoding="UTF-8"?>
<!-- Generated by org.testng.reporters.JUnitXMLReporter -->
<testsuite ignored="0" hostname="NRDivase" failures="0" tests="1" name="ChromeTest" time="0.051" errors="0" timestamp="2022-08-27T14:12:46 IST">
  <testcase classname="TestNGClasses.TestNg01" name="@BeforeTest crossbrowsing" time="-1.661589766505E9">
    <failure type="org.testng.TestNGException" message="
Can inject only one of &amp;lt;ITestContext, XmlTest&amp;gt; into a @BeforeTest annotated crossbrowsing.
For more information on native dependency injection please refer to https://testng.org/doc/documentation-main.html#native-dependency-injection">
      <![CDATA[org.testng.TestNGException: 
Can inject only one of <ITestContext, XmlTest> into a @BeforeTest annotated crossbrowsing.
For more information on native dependency injection please refer to https://testng.org/doc/documentation-main.html#native-dependency-injection
at java.base/java.util.concurrent.FutureTask.run(FutureTask.java:264)
at java.base/java.util.concurrent.ThreadPoolExecutor.runWorker(ThreadPoolExecutor.java:1136)
at java.base/java.util.concurrent.ThreadPoolExecutor$Worker.run(ThreadPoolExecutor.java:635)
at java.base/java.lang.Thread.run(Thread.java:833)
... Removed 12 stack frames]]>
    </failure>
  </testcase> <!-- @BeforeTest crossbrowsing -->
  <testcase classname="TestNGClasses.TestNg01" name="@BeforeClass launchbrowser" time="-1.661589766528E9">
    <skipped/>
  </testcase> <!-- @BeforeClass launchbrowser -->
  <testcase classname="TestNGClasses.TestNg01" name="@BeforeMethod loginpage" time="-1.66158976654E9">
    <skipped/>
  </testcase> <!-- @BeforeMethod loginpage -->
  <testcase classname="TestNGClasses.TestNg01" name="@AfterMethod logoutfromapplication" time="-1.661589766547E9">
    <skipped/>
  </testcase> <!-- @AfterMethod logoutfromapplication -->
  <testcase classname="TestNGClasses.TestNg01" name="@AfterClass closebrowser" time="-1.661589766549E9">
    <skipped/>
  </testcase> <!-- @AfterClass closebrowser -->
  <testcase classname="TestNGClasses.TestNg01" name="@AfterTest close" time="-1.661589766551E9">
    <skipped/>
  </testcase> <!-- @AfterTest close -->
  <testcase classname="TestNGClasses.TestNg01" name="VerifyError" time="0.0">
    <skipped/>
  </testcase> <!-- VerifyError -->
</testsuite> <!-- ChromeTest -->
